C51 COMPILER V9.60.0.0   MAIN                                                              10/01/2022 23:25:59 PAGE 1   


C51 COMPILER V9.60.0.0, COMPILATION OF MODULE MAIN
OBJECT MODULE PLACED IN .\Objects\main.obj
COMPILER INVOKED BY: C:\Keil_v5\C51\BIN\C51.EXE main.c OPTIMIZE(8,SPEED) BROWSE DEBUG OBJECTEXTEND PRINT(.\Listings\main
                    -.lst) TABS(2) OBJECT(.\Objects\main.obj)

line level    source

   1          #include <REGX52.H>
   2          
   3          sbit LED_PIN = P0^0;
   4          
   5          void DELAY(unsigned int n){
   6   1        
   7   1        unsigned int x,y;
   8   1        for(x=0; x< n;x++){
   9   2        
  10   2          for(y=0 ;y < 50;y++){
  11   3            //delay 1ms.
  12   3          }
  13   2        }
  14   1      }
  15          
  16          
  17          void main(){
  18   1      
  19   1      
  20   1        while(1){
  21   2        
  22   2          LED_PIN =!LED_PIN;
  23   2          DELAY(500);
  24   2        }
  25   1        
  26   1      }


MODULE INFORMATION:   STATIC OVERLAYABLE
   CODE SIZE        =     43    ----
   CONSTANT SIZE    =   ----    ----
   XDATA SIZE       =   ----    ----
   PDATA SIZE       =   ----    ----
   DATA SIZE        =   ----    ----
   IDATA SIZE       =   ----    ----
   BIT SIZE         =   ----    ----
END OF MODULE INFORMATION.


C51 COMPILATION COMPLETE.  0 WARNING(S),  0 ERROR(S)
