C51 COMPILER V9.60.0.0   MAIN                                                              10/02/2022 21:35:31 PAGE 1   


C51 COMPILER V9.60.0.0, COMPILATION OF MODULE MAIN
OBJECT MODULE PLACED IN .\Objects\main.obj
COMPILER INVOKED BY: C:\Keil_v5\C51\BIN\C51.EXE main.c OPTIMIZE(8,SPEED) BROWSE DEBUG OBJECTEXTEND PRINT(.\Listings\main
                    -.lst) TABS(2) OBJECT(.\Objects\main.obj)

line level    source

   1          #include <REGX52.H>
   2          
   3          
   4          void delay(unsigned int n)
   5          { 
   6   1        unsigned int x,y;
   7   1        for(x=0;x<n;x++)
   8   1        {
   9   2          for(y=0;y<123;y++){
  10   3          }
  11   2        
  12   2        }
  13   1      
  14   1      }
  15          void main(){
  16   1        unsigned char i ;
  17   1        for(i=0;i<5;i++)
  18   1        {
  19   2            P0=0x00;
  20   2            delay(500);
  21   2            P0 = 0xFF;
  22   2            delay(500);
  23   2          
  24   2          
  25   2        }
  26   1        for(i=0;i<9;i++)
  27   1        {
  28   2            P0=0x00;
  29   2            delay(500);
  30   2            P0 = 0xF0;//11110000
  31   2            delay(500);
  32   2          
  33   2          
  34   2        }
  35   1        for(i=0;i<5;i++)
  36   1        {
  37   2            P0=0x00;
  38   2            delay(500);
  39   2            P0 = 0xF;//00001111
  40   2            delay(500);
  41   2          
  42   2          
  43   2        }
  44   1        
  45   1        //hieu ung led 3 
  46   1            
  47   1        for (i=0;i<5;i++){
  48   2            P0=0x00;
  49   2            delay(500);
  50   2            P0 = 0x55  ;
  51   2            delay(500);
  52   2        }
  53   1        for (i=0;i<5;i++){
  54   2            P0=0x00;
C51 COMPILER V9.60.0.0   MAIN                                                              10/02/2022 21:35:31 PAGE 2   

  55   2            delay(500);
  56   2            P0 = 0xAA;
  57   2            delay(500);
  58   2        }
  59   1        
  60   1      }


MODULE INFORMATION:   STATIC OVERLAYABLE
   CODE SIZE        =    160    ----
   CONSTANT SIZE    =   ----    ----
   XDATA SIZE       =   ----    ----
   PDATA SIZE       =   ----    ----
   DATA SIZE        =   ----    ----
   IDATA SIZE       =   ----    ----
   BIT SIZE         =   ----    ----
END OF MODULE INFORMATION.


C51 COMPILATION COMPLETE.  0 WARNING(S),  0 ERROR(S)
