C51 COMPILER V9.60.0.0   MAIN                                                              10/02/2022 22:47:11 PAGE 1   


C51 COMPILER V9.60.0.0, COMPILATION OF MODULE MAIN
OBJECT MODULE PLACED IN .\Objects\main.obj
COMPILER INVOKED BY: C:\Keil_v5\C51\BIN\C51.EXE main.c OPTIMIZE(8,SPEED) BROWSE DEBUG OBJECTEXTEND PRINT(.\Listings\main
                    -.lst) TABS(2) OBJECT(.\Objects\main.obj)

line level    source

   1          #include <REGX52.H>
   2          
   3          void delay(unsigned int n){
   4   1        unsigned int x,y;
   5   1        for(x=0;x<n;x++){
   6   2          for(y=0;y<123;y++){
   7   3          }
   8   2        }
   9   1      
  10   1      }
  11          
  12          void main(){
  13   1        
  14   1        while(1){
  15   2        unsigned int i;
  16   2      
  17   2          for ( i=0;i<7;i++)
  18   2        {
  19   3            P0 = 0x80;
  20   3            delay(1000);
  21   3            
  22   3              for ( i=0;i<7;i++)
  23   3              {
  24   4                P0 = P0>>1;
  25   4                delay(1000);
  26   4              }
  27   3          
  28   3        }
  29   2        
  30   2        
  31   2        }
  32   1      
  33   1      }


MODULE INFORMATION:   STATIC OVERLAYABLE
   CODE SIZE        =    101    ----
   CONSTANT SIZE    =   ----    ----
   XDATA SIZE       =   ----    ----
   PDATA SIZE       =   ----    ----
   DATA SIZE        =   ----       2
   IDATA SIZE       =   ----    ----
   BIT SIZE         =   ----    ----
END OF MODULE INFORMATION.


C51 COMPILATION COMPLETE.  0 WARNING(S),  0 ERROR(S)
