C51 COMPILER V9.60.0.0   MAIN                                                              10/02/2022 19:28:11 PAGE 1   


C51 COMPILER V9.60.0.0, COMPILATION OF MODULE MAIN
OBJECT MODULE PLACED IN .\Objects\main.obj
COMPILER INVOKED BY: C:\Keil_v5\C51\BIN\C51.EXE main.c OPTIMIZE(8,SPEED) BROWSE DEBUG OBJECTEXTEND PRINT(.\Listings\main
                    -.lst) TABS(2) OBJECT(.\Objects\main.obj)

line level    source

   1          #include <REGX52.H>
   2          sbit LED_PIN = P2^0;
   3          void delay(unsigned int n){
   4   1      
   5   1        unsigned int x,y;
   6   1        for(x = 0; x < n; x++){
   7   2        
   8   2            for(y=0;y < 123; y++){
   9   3            }
  10   2        
  11   2        }
  12   1      
  13   1      
  14   1      }
  15          void main(){
  16   1      
  17   1        LED_PIN=!LED_PIN;
  18   1        delay(500);
  19   1      
  20   1      
  21   1      }


MODULE INFORMATION:   STATIC OVERLAYABLE
   CODE SIZE        =     41    ----
   CONSTANT SIZE    =   ----    ----
   XDATA SIZE       =   ----    ----
   PDATA SIZE       =   ----    ----
   DATA SIZE        =   ----    ----
   IDATA SIZE       =   ----    ----
   BIT SIZE         =   ----    ----
END OF MODULE INFORMATION.


C51 COMPILATION COMPLETE.  0 WARNING(S),  0 ERROR(S)
