C51 COMPILER V9.60.0.0   MAIN1                                                             10/02/2022 19:31:16 PAGE 1   


C51 COMPILER V9.60.0.0, COMPILATION OF MODULE MAIN1
OBJECT MODULE PLACED IN .\Objects\main1.obj
COMPILER INVOKED BY: C:\Keil_v5\C51\BIN\C51.EXE main1.c OPTIMIZE(8,SPEED) BROWSE DEBUG OBJECTEXTEND PRINT(.\Listings\mai
                    -n1.lst) TABS(2) OBJECT(.\Objects\main1.obj)

line level    source

   1          #include <REGX52.H>
   2          
   3          void delay(unsigned int n){
   4   1      
   5   1        unsigned int x,y;
   6   1        for(x = 0; x < n; x++){
   7   2        
   8   2            for(y=0;y < 123; y++){
   9   3            }
  10   2        
  11   2        }
  12   1      
  13   1      
  14   1      }
  15          void main(){
  16   1        //
  17   1        delay(500);
  18   1      
  19   1      
  20   1      }


MODULE INFORMATION:   STATIC OVERLAYABLE
   CODE SIZE        =     39    ----
   CONSTANT SIZE    =   ----    ----
   XDATA SIZE       =   ----    ----
   PDATA SIZE       =   ----    ----
   DATA SIZE        =   ----    ----
   IDATA SIZE       =   ----    ----
   BIT SIZE         =   ----    ----
END OF MODULE INFORMATION.


C51 COMPILATION COMPLETE.  0 WARNING(S),  0 ERROR(S)
