C51 COMPILER V9.60.0.0   MAIN                                                              10/03/2022 11:10:41 PAGE 1   


C51 COMPILER V9.60.0.0, COMPILATION OF MODULE MAIN
OBJECT MODULE PLACED IN .\Objects\main.obj
COMPILER INVOKED BY: C:\Keil_v5\C51\BIN\C51.EXE main.c OPTIMIZE(8,SPEED) BROWSE DEBUG OBJECTEXTEND PRINT(.\Listings\main
                    -.lst) TABS(2) OBJECT(.\Objects\main.obj)

line level    source

   1          #include <REGX52.H>
   2          
   3          void delay(unsigned int n){
   4   1        unsigned int x,y;
   5   1        for(x=0;x<n;x++){
   6   2        
   7   2          for(y=0;y<123;y++){
   8   3          }
   9   2        }
  10   1      }
  11          
  12          
  13          void main (){
  14   1      unsigned char i ;
  15   1        
  16   1      while (1)
  17   1      {
  18   2        P2=0x01;
  19   2        for (i=0;i<8;i++)
  20   2        {
  21   3        //  delay(1000);
  22   3          P2 = P2 | (1<<i) ;
  23   3          delay(500);
  24   3        }
  25   2        P2=0x00;
  26   2        for (i=0;i<8;i++)
  27   2        {
  28   3        //  delay(1000);
  29   3          P2 = P2 | (0x80>>i) ;
  30   3          delay(500);
  31   3        }
  32   2      }
  33   1        
  34   1      }


MODULE INFORMATION:   STATIC OVERLAYABLE
   CODE SIZE        =    101    ----
   CONSTANT SIZE    =   ----    ----
   XDATA SIZE       =   ----    ----
   PDATA SIZE       =   ----    ----
   DATA SIZE        =   ----    ----
   IDATA SIZE       =   ----    ----
   BIT SIZE         =   ----    ----
END OF MODULE INFORMATION.


C51 COMPILATION COMPLETE.  0 WARNING(S),  0 ERROR(S)
