C51 COMPILER V9.60.0.0   MAIN                                                              10/02/2022 19:08:50 PAGE 1   


C51 COMPILER V9.60.0.0, COMPILATION OF MODULE MAIN
OBJECT MODULE PLACED IN .\Objects\main.obj
COMPILER INVOKED BY: C:\Keil_v5\C51\BIN\C51.EXE main.c OPTIMIZE(8,SPEED) BROWSE DEBUG OBJECTEXTEND PRINT(.\Listings\main
                    -.lst) TABS(2) OBJECT(.\Objects\main.obj)

line level    source

   1          #include <REGX52.H>
   2          void main (){
   3   1          P0_0 =0 ;
   4   1          P0_1 =1 ;
   5   1          P0_2 =0 ;
   6   1          P0_3 =0 ;
   7   1          P0_4 =1 ;
   8   1          P0_5 =0 ;
   9   1          P0_6 =1 ;
  10   1          P0_7 =0 ;
  11   1          P1 = 9;
  12   1        
  13   1        
  14   1        while(1){
  15   2          
  16   2      
  17   2      
  18   2      
  19   2      }
  20   1      
  21   1      
  22   1      }


MODULE INFORMATION:   STATIC OVERLAYABLE
   CODE SIZE        =     21    ----
   CONSTANT SIZE    =   ----    ----
   XDATA SIZE       =   ----    ----
   PDATA SIZE       =   ----    ----
   DATA SIZE        =   ----    ----
   IDATA SIZE       =   ----    ----
   BIT SIZE         =   ----    ----
END OF MODULE INFORMATION.


C51 COMPILATION COMPLETE.  0 WARNING(S),  0 ERROR(S)
