C51 COMPILER V9.60.0.0   MAIN                                                              10/03/2022 23:27:13 PAGE 1   


C51 COMPILER V9.60.0.0, COMPILATION OF MODULE MAIN
OBJECT MODULE PLACED IN .\Objects\main.obj
COMPILER INVOKED BY: C:\Keil_v5\C51\BIN\C51.EXE main.c OPTIMIZE(8,SPEED) BROWSE DEBUG OBJECTEXTEND PRINT(.\Listings\main
                    -.lst) TABS(2) OBJECT(.\Objects\main.obj)

line level    source

   1          #include <REGX52.H>
   2          
   3          void delay_ms(unsigned int n){
   4   1        unsigned int x,y;
   5   1        for(x=0;x<n;y++){
   6   2          for(y=0 ;y<123;y++){
   7   3          }
   8   2      }
   9   1      }
  10            
  11          void main()
  12          {
  13   1        unsigned char i;
  14   1        for (i=0;i<5;i++){
  15   2          P2=0xAA;
  16   2          delay_ms(500);
  17   2        }
  18   1        for (i=0;i<5;i++){
  19   2            P2=0x55;
  20   2            delay_ms(500);
  21   2        }
  22   1        
  23   1        
  24   1      }


MODULE INFORMATION:   STATIC OVERLAYABLE
   CODE SIZE        =     83    ----
   CONSTANT SIZE    =   ----    ----
   XDATA SIZE       =   ----    ----
   PDATA SIZE       =   ----    ----
   DATA SIZE        =   ----    ----
   IDATA SIZE       =   ----    ----
   BIT SIZE         =   ----    ----
END OF MODULE INFORMATION.


C51 COMPILATION COMPLETE.  0 WARNING(S),  0 ERROR(S)
